<?xml version="1.0" encoding="UTF-8"?>
<testsuite name="Test Setup"
           tests="17"
           failures="1"
           errors="0"
           skipped="0"
           time="64.112">
  <properties />
            <testcase name="TechnicalSupportIsDisplayed" time="0.237" classname="Mobile.Tests.MorePage.MorePageTest">
                <failure type="org.openqa.selenium.UnsupportedCommandException"
                  message="Method is not implemented
Build info: version: &apos;3.141.59&apos;, revision: &apos;e82be7d358&apos;, time: &apos;2018-11-14T08:17:03&apos;
System info: host: &apos;Ibrahims-MacBook-Pro.local&apos;, ip: &apos;fe80:0:0:0:18b5:cfe:447b:5d73%en0&apos;, os.name: &apos;Mac OS X&apos;, os.arch: &apos;aarch64&apos;, os.version: &apos;13.2.1&apos;, java.version: &apos;18.0.1.1&apos;
Driver info: io.appium.java_client.android.AndroidDriver
Capabilities {allowTestPackages: true, app: /Users/ibrahimalsharif/Idea..., appPackage: sa.app.famcare, app_activity: sa.app.famcare.MainActivity, app_package: sa.app.famcare, databaseEnabled: false, desired: {allowTestPackages: true, app: /Users/ibrahimalsharif/Idea..., app_activity: sa.app.famcare.MainActivity, app_package: sa.app.famcare, deviceName: Android Emulator, platformName: android}, deviceApiLevel: 32, deviceManufacturer: Google, deviceModel: sdk_gphone64_arm64, deviceName: emulator-5554, deviceScreenDensity: 440, deviceScreenSize: 1080x2340, deviceUDID: emulator-5554, javascriptEnabled: true, locationContextEnabled: false, networkConnectionEnabled: true, pixelRatio: 2.75, platform: LINUX, platformName: Android, platformVersion: 12, statBarHeight: 66, takesScreenshot: true, viewportRect: {height: 2230, left: 0, top: 66, width: 1080}, warnings: {}, webStorageEnabled: false}
Session ID: f071062f-e436-40dc-b1a3-6238706ddc9f"
              >
<![CDATA[org.openqa.selenium.UnsupportedCommandException: Method is not implemented
Build info: version: '3.141.59', revision: 'e82be7d358', time: '2018-11-14T08:17:03'
System info: host: 'Ibrahims-MacBook-Pro.local', ip: 'fe80:0:0:0:18b5:cfe:447b:5d73%en0', os.name: 'Mac OS X', os.arch: 'aarch64', os.version: '13.2.1', java.version: '18.0.1.1'
Driver info: io.appium.java_client.android.AndroidDriver
Capabilities {allowTestPackages: true, app: /Users/ibrahimalsharif/Idea..., appPackage: sa.app.famcare, app_activity: sa.app.famcare.MainActivity, app_package: sa.app.famcare, databaseEnabled: false, desired: {allowTestPackages: true, app: /Users/ibrahimalsharif/Idea..., app_activity: sa.app.famcare.MainActivity, app_package: sa.app.famcare, deviceName: Android Emulator, platformName: android}, deviceApiLevel: 32, deviceManufacturer: Google, deviceModel: sdk_gphone64_arm64, deviceName: emulator-5554, deviceScreenDensity: 440, deviceScreenSize: 1080x2340, deviceUDID: emulator-5554, javascriptEnabled: true, locationContextEnabled: false, networkConnectionEnabled: true, pixelRatio: 2.75, platform: LINUX, platformName: Android, platformVersion: 12, statBarHeight: 66, takesScreenshot: true, viewportRect: {height: 2230, left: 0, top: 66, width: 1080}, warnings: {}, webStorageEnabled: false}
Session ID: f071062f-e436-40dc-b1a3-6238706ddc9f
  java.base/jdk.internal.reflect.DirectConstructorHandleAccessor.newInstance(DirectConstructorHandleAccessor.java:67)
  java.base/java.lang.reflect.Constructor.newInstanceWithCaller(Constructor.java:499)
  java.base/java.lang.reflect.Constructor.newInstance(Constructor.java:483)
  org.openqa.selenium.remote.http.W3CHttpResponseCodec.createException(W3CHttpResponseCodec.java:187)
  org.openqa.selenium.remote.http.W3CHttpResponseCodec.decode(W3CHttpResponseCodec.java:122)
  org.openqa.selenium.remote.http.W3CHttpResponseCodec.decode(W3CHttpResponseCodec.java:49)
  org.openqa.selenium.remote.HttpCommandExecutor.execute(HttpCommandExecutor.java:158)
  io.appium.java_client.remote.AppiumCommandExecutor.execute(AppiumCommandExecutor.java:239)
  org.openqa.selenium.remote.RemoteWebDriver.execute(RemoteWebDriver.java:552)
  io.appium.java_client.DefaultGenericMobileDriver.execute(DefaultGenericMobileDriver.java:41)
  io.appium.java_client.AppiumDriver.execute(AppiumDriver.java:1)
  io.appium.java_client.android.AndroidDriver.execute(AndroidDriver.java:1)
  org.openqa.selenium.remote.RemoteWebDriver.executeScript(RemoteWebDriver.java:489)
  Mobile.Tests.MorePage.MorePageTest.TechnicalSupportIsDisplayed(MorePageTest.java:88)
  java.base/jdk.internal.reflect.DirectMethodHandleAccessor.invoke(DirectMethodHandleAccessor.java:104)
  java.base/java.lang.reflect.Method.invoke(Method.java:577)
  org.testng.internal.invokers.MethodInvocationHelper.invokeMethod(MethodInvocationHelper.java:139)
  org.testng.internal.invokers.TestInvoker.invokeMethod(TestInvoker.java:677)
  org.testng.internal.invokers.TestInvoker.invokeTestMethod(TestInvoker.java:221)
  org.testng.internal.invokers.MethodRunner.runInSequence(MethodRunner.java:50)
  org.testng.internal.invokers.TestInvoker$MethodInvocationAgent.invoke(TestInvoker.java:962)
  org.testng.internal.invokers.TestInvoker.invokeTestMethods(TestInvoker.java:194)
  org.testng.internal.invokers.TestMethodWorker.invokeTestMethods(TestMethodWorker.java:148)
  org.testng.internal.invokers.TestMethodWorker.run(TestMethodWorker.java:128)
  java.base/java.util.ArrayList.forEach(ArrayList.java:1511)
  org.testng.TestRunner.privateRun(TestRunner.java:806)
  org.testng.TestRunner.run(TestRunner.java:601)
  org.testng.SuiteRunner.runTest(SuiteRunner.java:433)
  org.testng.SuiteRunner.runSequentially(SuiteRunner.java:427)
  org.testng.SuiteRunner.privateRun(SuiteRunner.java:387)
  org.testng.SuiteRunner.run(SuiteRunner.java:330)
  org.testng.SuiteRunnerWorker.runSuite(SuiteRunnerWorker.java:52)
  org.testng.SuiteRunnerWorker.run(SuiteRunnerWorker.java:95)
  org.testng.TestNG.runSuitesSequentially(TestNG.java:1256)
  org.testng.TestNG.runSuitesLocally(TestNG.java:1176)
  org.testng.TestNG.runSuites(TestNG.java:1099)
  org.testng.TestNG.run(TestNG.java:1067)
  com.intellij.rt.testng.IDEARemoteTestNG.run(IDEARemoteTestNG.java:66)
  com.intellij.rt.testng.RemoteTestNGStarter.main(RemoteTestNGStarter.java:109)
]]>
      </failure>

          </testcase>
  
  
            <testcase name="InterestNumbersButtonIsDisplayed" time="7.727" classname="Mobile.Tests.MorePage.MorePageTest" />
                <testcase name="PrivacyPolicyIsDisplayed" time="0.219" classname="Mobile.Tests.MorePage.MorePageTest" />
                <testcase name="NumberOfSessionsTextIsDisplayed" time="0.791" classname="Mobile.Tests.MorePage.MorePageTest" />
                <testcase name="SignInButtonIsDisplayed" time="0.141" classname="Mobile.Tests.MorePage.MorePageTest" />
                <testcase name="UserDoesNotHaveSubscriptionTitleIsDisplayed" time="0.078" classname="Mobile.Tests.MorePage.MorePageTest" />
                <testcase name="UseTermsIsDisplayed" time="0.143" classname="Mobile.Tests.MorePage.MorePageTest" />
                <testcase name="UserImageIsDisplayed" time="0.154" classname="Mobile.Tests.MorePage.MorePageTest" />
                <testcase name="BrowseSubscriptionsButtonIsDisplayed" time="0.205" classname="Mobile.Tests.MorePage.MorePageTest" />
                <testcase name="FriendsInviteButtonIsDisplayed" time="0.136" classname="Mobile.Tests.MorePage.MorePageTest" />
                <testcase name="SubscribeToSubscriptionsTextIsDisplayed" time="0.054" classname="Mobile.Tests.MorePage.MorePageTest" />
                <testcase name="AnswerAndQuestionButtonIsDisplayed" time="0.148" classname="Mobile.Tests.MorePage.MorePageTest" />
                <testcase name="LanguageIconIsDisplayed" time="0.148" classname="Mobile.Tests.MorePage.MorePageTest" />
                <testcase name="BlogButtonIsDisplayed" time="0.111" classname="Mobile.Tests.MorePage.MorePageTest" />
                <testcase name="verifyThatTapMoreButtonNavigateToMorePage" time="53.616" classname="Mobile.Tests.MorePage.MorePageTest" />
                <testcase name="FamcareRatingButtonIsDisplayed" time="0.118" classname="Mobile.Tests.MorePage.MorePageTest" />
                <testcase name="NumberOfDaysIsDisplayed" time="0.086" classname="Mobile.Tests.MorePage.MorePageTest" />
      
</testsuite>
